<?xml version="1.0" encoding="UTF-8"?>
<!-- Generated by org.testng.reporters.JUnitXMLReporter -->
<testsuite ignored="0" hostname="inno0252-PC" failures="2" tests="3" name="Test1" time="29.558" errors="0" timestamp="06 Feb 2020 00:49:47 GMT">
  <testcase classname="com.basics.one.Parallel_test" name="openbrowser1" time="29.348">
    <failure type="org.testng.internal.thread.ThreadTimeoutException" message="Method com.basics.one.Parallel_test.openbrowser1() didn&amp;apos;t finish within the time-out 7000">
      <![CDATA[org.testng.internal.thread.ThreadTimeoutException: Method com.basics.one.Parallel_test.openbrowser1() didn't finish within the time-out 7000
at java.base/java.util.concurrent.FutureTask.run(Unknown Source)
at java.base/java.util.concurrent.ThreadPoolExecutor.runWorker(Unknown Source)
at java.base/java.util.concurrent.ThreadPoolExecutor$Worker.run(Unknown Source)
at java.base/java.lang.Thread.run(Unknown Source)
... Removed 8 stack frames]]>
    </failure>
  </testcase> <!-- openbrowser1 -->
  <testcase classname="com.basics.one.Parallel_test" name="openbrowser1" time="29.447">
    <failure type="org.testng.internal.thread.ThreadTimeoutException" message="Method com.basics.one.Parallel_test.openbrowser1() didn&amp;apos;t finish within the time-out 7000">
      <![CDATA[org.testng.internal.thread.ThreadTimeoutException: Method com.basics.one.Parallel_test.openbrowser1() didn't finish within the time-out 7000
at java.base/java.util.concurrent.FutureTask.run(Unknown Source)
at java.base/java.util.concurrent.ThreadPoolExecutor.runWorker(Unknown Source)
at java.base/java.util.concurrent.ThreadPoolExecutor$Worker.run(Unknown Source)
at java.base/java.lang.Thread.run(Unknown Source)
... Removed 8 stack frames]]>
    </failure>
  </testcase> <!-- openbrowser1 -->
  <testcase classname="com.basics.one.Parallel_test" name="openbrowser2" time="29.523"/>
</testsuite> <!-- Test1 -->
