<?xml version="1.0" encoding="UTF-8"?>
<!-- Generated by org.testng.reporters.JUnitXMLReporter -->
<testsuite ignored="0" hostname="inno0252-PC" failures="1" tests="3" name="Test" time="0.079" errors="0" timestamp="10 Feb 2020 15:17:26 GMT">
  <testcase classname="com.basics.one.Listerners_test" name="testtwo" time="0.019">
    <failure type="java.lang.AssertionError" message="expected [true] but found [false]">
      <![CDATA[java.lang.AssertionError: expected [true] but found [false]
at com.basics.one.Listerners_test.testtwo(Listerners_test.java:21)
... Removed 29 stack frames]]>
    </failure>
  </testcase> <!-- testtwo -->
  <testcase classname="com.basics.one.Listerners_test" name="testone" time="0.003"/>
  <testcase classname="com.basics.one.Listerners_test" name="testthree" time="0.0">
    <skipped/>
  </testcase> <!-- testthree -->
</testsuite> <!-- Test -->
