<?xml version="1.0" encoding="UTF-8"?>
<!-- Generated by org.testng.reporters.JUnitXMLReporter -->
<testsuite ignored="2" hostname="inno0252-PC" failures="0" tests="2" name="Default test(failed)(failed)" time="0.065" errors="0" timestamp="06 Feb 2020 02:17:14 GMT">
  <testcase classname="com.basics.one.Features_testng" name="method1" time="0.017"/>
  <testcase classname="com.basics.one.Features_testng" name="method4" time="0.002"/>
  <testcase classname="com.basics.one.Features_testng" name="method2" time="0.0">
    <ignored/>
  </testcase> <!-- method2 -->
  <testcase classname="com.basics.one.Features_testng" name="method3" time="0.0">
    <ignored/>
  </testcase> <!-- method3 -->
</testsuite> <!-- Default test(failed)(failed) -->
